<?xml version="1.0" encoding="UTF-8"?>
<!-- Generated by org.testng.reporters.JUnitXMLReporter -->
<testsuite ignored="4" hostname="DESKTOP-HVGA9R3" failures="0" tests="0" time="0.015" errors="0" timestamp="2026-01-22T11:30:14 IST">
  <testcase classname="pc2.pgm2_Test" name="method4_Test" time="0.0">
    <ignored/>
  </testcase> <!-- method4_Test -->
  <testcase classname="pc2.pgm2_Test" name="method3_Test" time="0.0">
    <ignored/>
  </testcase> <!-- method3_Test -->
  <testcase classname="pc1.pgm1_Test" name="method1_Test" time="0.0">
    <ignored/>
  </testcase> <!-- method1_Test -->
  <testcase classname="pc1.pgm1_Test" name="method2_Test" time="0.0">
    <ignored/>
  </testcase> <!-- method2_Test -->
</testsuite>
